<?xml version="1.0" encoding="UTF-8"?>
<testsuite xmlns:xsi="http://www.w3.org/2001/XMLSchema-instance" xsi:noNamespaceSchemaLocation="https://maven.apache.org/surefire/maven-surefire-plugin/xsd/surefire-test-report.xsd" name="hiekkaranta.HiekkarantaTest" time="0.256" tests="10" errors="0" skipped="0" failures="4">
  <properties>
    <property name="sun.desktop" value="windows"/>
    <property name="awt.toolkit" value="sun.awt.windows.WToolkit"/>
    <property name="file.encoding.pkg" value="sun.io"/>
    <property name="java.specification.version" value="1.8"/>
    <property name="sun.cpu.isalist" value="amd64"/>
    <property name="sun.jnu.encoding" value="Cp1252"/>
    <property name="java.class.path" value="D:\Netbeansprojects\mooc-2019-ohjelmointi\osa14-Osa14_04.Hiekkaranta\target\test-classes;D:\Netbeansprojects\mooc-2019-ohjelmointi\osa14-Osa14_04.Hiekkaranta\target\classes;C:\Users\Akira\.m2\repository\junit\junit\4.12\junit-4.12.jar;C:\Users\Akira\.m2\repository\org\hamcrest\hamcrest-core\1.3\hamcrest-core-1.3.jar;C:\Users\Akira\.m2\repository\fi\helsinki\cs\tmc\edu-test-utils\0.4.2\edu-test-utils-0.4.2.jar;C:\Users\Akira\.m2\repository\org\testfx\testfx-junit\4.0.15-alpha\testfx-junit-4.0.15-alpha.jar;C:\Users\Akira\.m2\repository\org\testfx\testfx-core\4.0.15-alpha\testfx-core-4.0.15-alpha.jar;C:\Users\Akira\.m2\repository\org\assertj\assertj-core\3.11.1\assertj-core-3.11.1.jar;C:\Users\Akira\.m2\repository\org\testfx\openjfx-monocle\8u76-b04\openjfx-monocle-8u76-b04.jar;"/>
    <property name="java.vm.vendor" value="Oracle Corporation"/>
    <property name="sun.arch.data.model" value="64"/>
    <property name="user.variant" value=""/>
    <property name="java.vendor.url" value="http://java.oracle.com/"/>
    <property name="user.timezone" value="Europe/Helsinki"/>
    <property name="java.vm.specification.version" value="1.8"/>
    <property name="os.name" value="Windows 10"/>
    <property name="sun.java.launcher" value="SUN_STANDARD"/>
    <property name="user.country" value="US"/>
    <property name="sun.boot.library.path" value="C:\Program Files\Java\jdk1.8.0_191\jre\bin"/>
    <property name="sun.java.command" value="C:\Users\Akira\AppData\Local\Temp\surefire7741192987202370806\surefirebooter6763428012865097268.jar C:\Users\Akira\AppData\Local\Temp\surefire7741192987202370806 2019-04-28T18-49-11_020-jvmRun1 surefire3975197163585098636tmp surefire_01241442104358666227tmp"/>
    <property name="surefire.test.class.path" value="D:\Netbeansprojects\mooc-2019-ohjelmointi\osa14-Osa14_04.Hiekkaranta\target\test-classes;D:\Netbeansprojects\mooc-2019-ohjelmointi\osa14-Osa14_04.Hiekkaranta\target\classes;C:\Users\Akira\.m2\repository\junit\junit\4.12\junit-4.12.jar;C:\Users\Akira\.m2\repository\org\hamcrest\hamcrest-core\1.3\hamcrest-core-1.3.jar;C:\Users\Akira\.m2\repository\fi\helsinki\cs\tmc\edu-test-utils\0.4.2\edu-test-utils-0.4.2.jar;C:\Users\Akira\.m2\repository\org\testfx\testfx-junit\4.0.15-alpha\testfx-junit-4.0.15-alpha.jar;C:\Users\Akira\.m2\repository\org\testfx\testfx-core\4.0.15-alpha\testfx-core-4.0.15-alpha.jar;C:\Users\Akira\.m2\repository\org\assertj\assertj-core\3.11.1\assertj-core-3.11.1.jar;C:\Users\Akira\.m2\repository\org\testfx\openjfx-monocle\8u76-b04\openjfx-monocle-8u76-b04.jar;"/>
    <property name="sun.cpu.endian" value="little"/>
    <property name="user.home" value="C:\Users\Akira"/>
    <property name="user.language" value="en"/>
    <property name="java.specification.vendor" value="Oracle Corporation"/>
    <property name="java.home" value="C:\Program Files\Java\jdk1.8.0_191\jre"/>
    <property name="basedir" value="D:\Netbeansprojects\mooc-2019-ohjelmointi\osa14-Osa14_04.Hiekkaranta"/>
    <property name="file.separator" value="\"/>
    <property name="line.separator" value="&#10;"/>
    <property name="java.vm.specification.vendor" value="Oracle Corporation"/>
    <property name="java.specification.name" value="Java Platform API Specification"/>
    <property name="java.awt.graphicsenv" value="sun.awt.Win32GraphicsEnvironment"/>
    <property name="surefire.real.class.path" value="C:\Users\Akira\AppData\Local\Temp\surefire7741192987202370806\surefirebooter6763428012865097268.jar"/>
    <property name="jdk.net.URLClassPath.disableClassPathURLCheck" value="true"/>
    <property name="sun.boot.class.path" value="C:\Program Files\Java\jdk1.8.0_191\jre\lib\resources.jar;C:\Program Files\Java\jdk1.8.0_191\jre\lib\rt.jar;C:\Program Files\Java\jdk1.8.0_191\jre\lib\sunrsasign.jar;C:\Program Files\Java\jdk1.8.0_191\jre\lib\jsse.jar;C:\Program Files\Java\jdk1.8.0_191\jre\lib\jce.jar;C:\Program Files\Java\jdk1.8.0_191\jre\lib\charsets.jar;C:\Program Files\Java\jdk1.8.0_191\jre\lib\jfr.jar;C:\Program Files\Java\jdk1.8.0_191\jre\classes"/>
    <property name="user.script" value=""/>
    <property name="sun.management.compiler" value="HotSpot 64-Bit Tiered Compilers"/>
    <property name="java.runtime.version" value="1.8.0_191-b12"/>
    <property name="user.name" value="Akira"/>
    <property name="path.separator" value=";"/>
    <property name="os.version" value="10.0"/>
    <property name="java.endorsed.dirs" value="C:\Program Files\Java\jdk1.8.0_191\jre\lib\endorsed"/>
    <property name="java.runtime.name" value="Java(TM) SE Runtime Environment"/>
    <property name="file.encoding" value="UTF-8"/>
    <property name="java.vm.name" value="Java HotSpot(TM) 64-Bit Server VM"/>
    <property name="maven.ext.class.path" value="D:\tmcbeans\java\maven-nblib\netbeans-eventspy.jar"/>
    <property name="localRepository" value="C:\Users\Akira\.m2\repository"/>
    <property name="java.vendor.url.bug" value="http://bugreport.sun.com/bugreport/"/>
    <property name="java.io.tmpdir" value="C:\Users\Akira\AppData\Local\Temp\"/>
    <property name="java.version" value="1.8.0_191"/>
    <property name="user.dir" value="D:\Netbeansprojects\mooc-2019-ohjelmointi\osa14-Osa14_04.Hiekkaranta"/>
    <property name="os.arch" value="amd64"/>
    <property name="java.vm.specification.name" value="Java Virtual Machine Specification"/>
    <property name="java.awt.printerjob" value="sun.awt.windows.WPrinterJob"/>
    <property name="sun.os.patch.level" value=""/>
    <property name="java.library.path" value="C:\Program Files\Java\jdk1.8.0_191\jre\bin;C:\WINDOWS\Sun\Java\bin;C:\WINDOWS\system32;C:\WINDOWS;C:\Program Files (x86)\Common Files\Oracle\Java\javapath;C:\Program Files\Java\jdk1.8.0_191\bin;C:\Program Files (x86)\NVIDIA Corporation\PhysX\Common;D:\Git\cmd;C:\Program Files\dotnet\;C:\Windows\System32\;D:\PuTTY\;C:\Program Files\NVIDIA Corporation\NVIDIA NvDLISR;C:\Users\Akira\AppData\Local\Microsoft\WindowsApps;;D:\Microsoft VS Code\bin;."/>
    <property name="java.vm.info" value="mixed mode"/>
    <property name="java.vendor" value="Oracle Corporation"/>
    <property name="java.vm.version" value="25.191-b12"/>
    <property name="java.ext.dirs" value="C:\Program Files\Java\jdk1.8.0_191\jre\lib\ext;C:\WINDOWS\Sun\Java\lib\ext"/>
    <property name="sun.io.unicode.encoding" value="UnicodeLittle"/>
    <property name="java.class.version" value="52.0"/>
  </properties>
  <testcase name="vesiTayttaaKuopan" classname="hiekkaranta.HiekkarantaTest" time="0.042">
    <failure message="Kun metallista muodostetaan kuppi, ja vettä kaadetaan kuppiin kupin yläpuolelta, tulee veden päätyä kuppiin.&#10;Ylimenevän veden tulee valua yli. expected:&lt;VESI&gt; but was:&lt;TYHJA&gt;" type="java.lang.AssertionError"><![CDATA[java.lang.AssertionError: 
Kun metallista muodostetaan kuppi, ja vettä kaadetaan kuppiin kupin yläpuolelta, tulee veden päätyä kuppiin.
Ylimenevän veden tulee valua yli. expected:<VESI> but was:<TYHJA>
	at hiekkaranta.HiekkarantaTest.vesiTayttaaKuopan(HiekkarantaTest.java:413)
]]></failure>
  </testcase>
  <testcase name="vesiJaHiekkaVaihtaaPaikkaa" classname="hiekkaranta.HiekkarantaTest" time="0">
    <failure message="Hiekan tulee olla painavampi kuin veden, eli hiekan tulee vaihtaa veden kanssa paikkaa simulaatiossa niiden ollessa päällekkäin. Kokeile toimintaa 2x3 kokoisella simulaatiolla.. expected:&lt;HIEKKA&gt; but was:&lt;VESI&gt;" type="java.lang.AssertionError"><![CDATA[java.lang.AssertionError: Hiekan tulee olla painavampi kuin veden, eli hiekan tulee vaihtaa veden kanssa paikkaa simulaatiossa niiden ollessa päällekkäin. Kokeile toimintaa 2x3 kokoisella simulaatiolla.. expected:<HIEKKA> but was:<VESI>
	at hiekkaranta.HiekkarantaTest.vesiJaHiekkaVaihtaaPaikkaa(HiekkarantaTest.java:349)
]]></failure>
  </testcase>
  <testcase name="vesiSiirtyySimulaatiossa" classname="hiekkaranta.HiekkarantaTest" time="0.004">
    <failure message="Kun simulaatioon on lisätty kohtaan (x=10, y=100) vettä ja simulaation paivita-metodia on kutsuttu, ei veden enää pitäisi olla alkuperäisessä paikassa.. Actual: VESI" type="java.lang.AssertionError">java.lang.AssertionError: Kun simulaatioon on lisätty kohtaan (x=10, y=100) vettä ja simulaation paivita-metodia on kutsuttu, ei veden enää pitäisi olla alkuperäisessä paikassa.. Actual: VESI
	at hiekkaranta.HiekkarantaTest.vesiSiirtyySimulaatiossa(HiekkarantaTest.java:303)
</failure>
  </testcase>
  <testcase name="simulaationAlkupalat" classname="hiekkaranta.HiekkarantaTest" time="0.002"/>
  <testcase name="lisaaminenJaSisaltoToimii" classname="hiekkaranta.HiekkarantaTest" time="0"/>
  <testcase name="ulkopuolellaMetallia" classname="hiekkaranta.HiekkarantaTest" time="0"/>
  <testcase name="tippuvaHiekkaPutoaaPohjalle" classname="hiekkaranta.HiekkarantaTest" time="0.182">
    <failure message="Valuuhan hiekka myös sivuille? expected:&lt;HIEKKA&gt; but was:&lt;TYHJA&gt;" type="java.lang.AssertionError"><![CDATA[java.lang.AssertionError: Valuuhan hiekka myös sivuille? expected:<HIEKKA> but was:<TYHJA>
	at hiekkaranta.HiekkarantaTest.tippuvaHiekkaPutoaaPohjalle(HiekkarantaTest.java:260)
]]></failure>
  </testcase>
  <testcase name="vesiJaMetalliEiVaihdaPaikkaa" classname="hiekkaranta.HiekkarantaTest" time="0"/>
  <testcase name="hiekkaSiirtyySimulaatiossa" classname="hiekkaranta.HiekkarantaTest" time="0.003"/>
  <testcase name="hiekkaEiSiirryMetallinYli" classname="hiekkaranta.HiekkarantaTest" time="0.002"/>
</testsuite>